/!\ FAILSAFE /!\  Fri Aug 20 15:45:37 +0400 2010
  Status: 500 Internal Server Error
  Access denied for user 'root'@'localhost' (using password: NO)
    /usr/lib/ruby/gems/1.8/gems/activerecord-2.3.8/lib/active_record/connection_adapters/mysql_adapter.rb:619:in `real_connect'
    /usr/lib/ruby/gems/1.8/gems/activerecord-2.3.8/lib/active_record/connection_adapters/mysql_adapter.rb:619:in `connect'
    /usr/lib/ruby/gems/1.8/gems/activerecord-2.3.8/lib/active_record/connection_adapters/mysql_adapter.rb:203:in `initialize'
    /usr/lib/ruby/gems/1.8/gems/activerecord-2.3.8/lib/active_record/connection_adapters/mysql_adapter.rb:75:in `new'
    /usr/lib/ruby/gems/1.8/gems/activerecord-2.3.8/lib/active_record/connection_adapters/mysql_adapter.rb:75:in `mysql_connection'
    /usr/lib/ruby/gems/1.8/gems/activerecord-2.3.8/lib/active_record/connection_adapters/abstract/connection_pool.rb:223:in `send'
    /usr/lib/ruby/gems/1.8/gems/activerecord-2.3.8/lib/active_record/connection_adapters/abstract/connection_pool.rb:223:in `new_connection'
    /usr/lib/ruby/gems/1.8/gems/activerecord-2.3.8/lib/active_record/connection_adapters/abstract/connection_pool.rb:245:in `checkout_new_connection'
    /usr/lib/ruby/gems/1.8/gems/activerecord-2.3.8/lib/active_record/connection_adapters/abstract/connection_pool.rb:188:in `checkout'
    /usr/lib/ruby/gems/1.8/gems/activerecord-2.3.8/lib/active_record/connection_adapters/abstract/connection_pool.rb:184:in `loop'
    /usr/lib/ruby/gems/1.8/gems/activerecord-2.3.8/lib/active_record/connection_adapters/abstract/connection_pool.rb:184:in `checkout'
    /usr/lib/ruby/1.8/monitor.rb:242:in `synchronize'
    /usr/lib/ruby/gems/1.8/gems/activerecord-2.3.8/lib/active_record/connection_adapters/abstract/connection_pool.rb:183:in `checkout'
    /usr/lib/ruby/gems/1.8/gems/activerecord-2.3.8/lib/active_record/connection_adapters/abstract/connection_pool.rb:98:in `connection'
    /usr/lib/ruby/gems/1.8/gems/activerecord-2.3.8/lib/active_record/connection_adapters/abstract/connection_pool.rb:326:in `retrieve_connection'
    /usr/lib/ruby/gems/1.8/gems/activerecord-2.3.8/lib/active_record/connection_adapters/abstract/connection_specification.rb:123:in `retrieve_connection'
    /usr/lib/ruby/gems/1.8/gems/activerecord-2.3.8/lib/active_record/connection_adapters/abstract/connection_specification.rb:115:in `connection'
    /usr/lib/ruby/gems/1.8/gems/activerecord-2.3.8/lib/active_record/query_cache.rb:9:in `cache'
    /usr/lib/ruby/gems/1.8/gems/activerecord-2.3.8/lib/active_record/query_cache.rb:28:in `call'
    /usr/lib/ruby/gems/1.8/gems/activerecord-2.3.8/lib/active_record/connection_adapters/abstract/connection_pool.rb:361:in `call'
    /usr/lib/ruby/gems/1.8/gems/actionpack-2.3.8/lib/action_controller/string_coercion.rb:25:in `call'
    /usr/lib/ruby/gems/1.8/gems/rack-1.1.0/lib/rack/head.rb:9:in `call'
    /usr/lib/ruby/gems/1.8/gems/rack-1.1.0/lib/rack/methodoverride.rb:24:in `call'
    /usr/lib/ruby/gems/1.8/gems/actionpack-2.3.8/lib/action_controller/params_parser.rb:15:in `call'
    /usr/lib/ruby/gems/1.8/gems/actionpack-2.3.8/lib/action_controller/session/cookie_store.rb:99:in `call'
    /usr/lib/ruby/gems/1.8/gems/actionpack-2.3.8/lib/action_controller/failsafe.rb:26:in `call'
    /usr/lib/ruby/gems/1.8/gems/rack-1.1.0/lib/rack/lock.rb:11:in `call'
    /usr/lib/ruby/gems/1.8/gems/rack-1.1.0/lib/rack/lock.rb:11:in `synchronize'
    /usr/lib/ruby/gems/1.8/gems/rack-1.1.0/lib/rack/lock.rb:11:in `call'
    /usr/lib/ruby/gems/1.8/gems/actionpack-2.3.8/lib/action_controller/dispatcher.rb:106:in `call'
    /usr/lib/ruby/gems/1.8/gems/rails-2.3.8/lib/rails/rack/static.rb:31:in `call'
    /usr/lib/ruby/gems/1.8/gems/rack-1.1.0/lib/rack/urlmap.rb:47:in `call'
    /usr/lib/ruby/gems/1.8/gems/rack-1.1.0/lib/rack/urlmap.rb:41:in `each'
    /usr/lib/ruby/gems/1.8/gems/rack-1.1.0/lib/rack/urlmap.rb:41:in `call'
    /usr/lib/ruby/gems/1.8/gems/rails-2.3.8/lib/rails/rack/log_tailer.rb:17:in `call'
    /usr/lib/ruby/gems/1.8/gems/rack-1.1.0/lib/rack/content_length.rb:13:in `call'
    /usr/lib/ruby/gems/1.8/gems/rack-1.1.0/lib/rack/handler/webrick.rb:48:in `service'
    /usr/lib/ruby/1.8/webrick/httpserver.rb:104:in `service'
    /usr/lib/ruby/1.8/webrick/httpserver.rb:65:in `run'
    /usr/lib/ruby/1.8/webrick/server.rb:173:in `start_thread'
    /usr/lib/ruby/1.8/webrick/server.rb:162:in `start'
    /usr/lib/ruby/1.8/webrick/server.rb:162:in `start_thread'
    /usr/lib/ruby/1.8/webrick/server.rb:95:in `start'
    /usr/lib/ruby/1.8/webrick/server.rb:92:in `each'
    /usr/lib/ruby/1.8/webrick/server.rb:92:in `start'
    /usr/lib/ruby/1.8/webrick/server.rb:23:in `start'
    /usr/lib/ruby/1.8/webrick/server.rb:82:in `start'
    /usr/lib/ruby/gems/1.8/gems/rack-1.1.0/lib/rack/handler/webrick.rb:14:in `run'
    /usr/lib/ruby/gems/1.8/gems/rails-2.3.8/lib/commands/server.rb:111
    /usr/local/lib/site_ruby/1.8/rubygems/custom_require.rb:31:in `gem_original_require'
    /usr/local/lib/site_ruby/1.8/rubygems/custom_require.rb:31:in `require'
    ./script/server:3
/!\ FAILSAFE /!\  Fri Aug 20 15:47:54 +0400 2010
  Status: 500 Internal Server Error
  Access denied for user 'root'@'localhost' (using password: NO)
    /usr/lib/ruby/gems/1.8/gems/activerecord-2.3.8/lib/active_record/connection_adapters/mysql_adapter.rb:619:in `real_connect'
    /usr/lib/ruby/gems/1.8/gems/activerecord-2.3.8/lib/active_record/connection_adapters/mysql_adapter.rb:619:in `connect'
    /usr/lib/ruby/gems/1.8/gems/activerecord-2.3.8/lib/active_record/connection_adapters/mysql_adapter.rb:203:in `initialize'
    /usr/lib/ruby/gems/1.8/gems/activerecord-2.3.8/lib/active_record/connection_adapters/mysql_adapter.rb:75:in `new'
    /usr/lib/ruby/gems/1.8/gems/activerecord-2.3.8/lib/active_record/connection_adapters/mysql_adapter.rb:75:in `mysql_connection'
    /usr/lib/ruby/gems/1.8/gems/activerecord-2.3.8/lib/active_record/connection_adapters/abstract/connection_pool.rb:223:in `send'
    /usr/lib/ruby/gems/1.8/gems/activerecord-2.3.8/lib/active_record/connection_adapters/abstract/connection_pool.rb:223:in `new_connection'
    /usr/lib/ruby/gems/1.8/gems/activerecord-2.3.8/lib/active_record/connection_adapters/abstract/connection_pool.rb:245:in `checkout_new_connection'
    /usr/lib/ruby/gems/1.8/gems/activerecord-2.3.8/lib/active_record/connection_adapters/abstract/connection_pool.rb:188:in `checkout'
    /usr/lib/ruby/gems/1.8/gems/activerecord-2.3.8/lib/active_record/connection_adapters/abstract/connection_pool.rb:184:in `loop'
    /usr/lib/ruby/gems/1.8/gems/activerecord-2.3.8/lib/active_record/connection_adapters/abstract/connection_pool.rb:184:in `checkout'
    /usr/lib/ruby/1.8/monitor.rb:242:in `synchronize'
    /usr/lib/ruby/gems/1.8/gems/activerecord-2.3.8/lib/active_record/connection_adapters/abstract/connection_pool.rb:183:in `checkout'
    /usr/lib/ruby/gems/1.8/gems/activerecord-2.3.8/lib/active_record/connection_adapters/abstract/connection_pool.rb:98:in `connection'
    /usr/lib/ruby/gems/1.8/gems/activerecord-2.3.8/lib/active_record/connection_adapters/abstract/connection_pool.rb:326:in `retrieve_connection'
    /usr/lib/ruby/gems/1.8/gems/activerecord-2.3.8/lib/active_record/connection_adapters/abstract/connection_specification.rb:123:in `retrieve_connection'
    /usr/lib/ruby/gems/1.8/gems/activerecord-2.3.8/lib/active_record/connection_adapters/abstract/connection_specification.rb:115:in `connection'
    /usr/lib/ruby/gems/1.8/gems/activerecord-2.3.8/lib/active_record/query_cache.rb:9:in `cache'
    /usr/lib/ruby/gems/1.8/gems/activerecord-2.3.8/lib/active_record/query_cache.rb:28:in `call'
    /usr/lib/ruby/gems/1.8/gems/activerecord-2.3.8/lib/active_record/connection_adapters/abstract/connection_pool.rb:361:in `call'
    /usr/lib/ruby/gems/1.8/gems/actionpack-2.3.8/lib/action_controller/string_coercion.rb:25:in `call'
    /usr/lib/ruby/gems/1.8/gems/rack-1.1.0/lib/rack/head.rb:9:in `call'
    /usr/lib/ruby/gems/1.8/gems/rack-1.1.0/lib/rack/methodoverride.rb:24:in `call'
    /usr/lib/ruby/gems/1.8/gems/actionpack-2.3.8/lib/action_controller/params_parser.rb:15:in `call'
    /usr/lib/ruby/gems/1.8/gems/actionpack-2.3.8/lib/action_controller/session/cookie_store.rb:99:in `call'
    /usr/lib/ruby/gems/1.8/gems/actionpack-2.3.8/lib/action_controller/failsafe.rb:26:in `call'
    /usr/lib/ruby/gems/1.8/gems/rack-1.1.0/lib/rack/lock.rb:11:in `call'
    /usr/lib/ruby/gems/1.8/gems/rack-1.1.0/lib/rack/lock.rb:11:in `synchronize'
    /usr/lib/ruby/gems/1.8/gems/rack-1.1.0/lib/rack/lock.rb:11:in `call'
    /usr/lib/ruby/gems/1.8/gems/actionpack-2.3.8/lib/action_controller/dispatcher.rb:106:in `call'
    /usr/lib/ruby/gems/1.8/gems/rails-2.3.8/lib/rails/rack/static.rb:31:in `call'
    /usr/lib/ruby/gems/1.8/gems/rack-1.1.0/lib/rack/urlmap.rb:47:in `call'
    /usr/lib/ruby/gems/1.8/gems/rack-1.1.0/lib/rack/urlmap.rb:41:in `each'
    /usr/lib/ruby/gems/1.8/gems/rack-1.1.0/lib/rack/urlmap.rb:41:in `call'
    /usr/lib/ruby/gems/1.8/gems/rails-2.3.8/lib/rails/rack/log_tailer.rb:17:in `call'
    /usr/lib/ruby/gems/1.8/gems/rack-1.1.0/lib/rack/content_length.rb:13:in `call'
    /usr/lib/ruby/gems/1.8/gems/rack-1.1.0/lib/rack/handler/webrick.rb:48:in `service'
    /usr/lib/ruby/1.8/webrick/httpserver.rb:104:in `service'
    /usr/lib/ruby/1.8/webrick/httpserver.rb:65:in `run'
    /usr/lib/ruby/1.8/webrick/server.rb:173:in `start_thread'
    /usr/lib/ruby/1.8/webrick/server.rb:162:in `start'
    /usr/lib/ruby/1.8/webrick/server.rb:162:in `start_thread'
    /usr/lib/ruby/1.8/webrick/server.rb:95:in `start'
    /usr/lib/ruby/1.8/webrick/server.rb:92:in `each'
    /usr/lib/ruby/1.8/webrick/server.rb:92:in `start'
    /usr/lib/ruby/1.8/webrick/server.rb:23:in `start'
    /usr/lib/ruby/1.8/webrick/server.rb:82:in `start'
    /usr/lib/ruby/gems/1.8/gems/rack-1.1.0/lib/rack/handler/webrick.rb:14:in `run'
    /usr/lib/ruby/gems/1.8/gems/rails-2.3.8/lib/commands/server.rb:111
    /usr/local/lib/site_ruby/1.8/rubygems/custom_require.rb:31:in `gem_original_require'
    /usr/local/lib/site_ruby/1.8/rubygems/custom_require.rb:31:in `require'
    ./script/server:3
/!\ FAILSAFE /!\  Fri Aug 20 15:47:56 +0400 2010
  Status: 500 Internal Server Error
  Access denied for user 'root'@'localhost' (using password: NO)
    /usr/lib/ruby/gems/1.8/gems/activerecord-2.3.8/lib/active_record/connection_adapters/mysql_adapter.rb:619:in `real_connect'
    /usr/lib/ruby/gems/1.8/gems/activerecord-2.3.8/lib/active_record/connection_adapters/mysql_adapter.rb:619:in `connect'
    /usr/lib/ruby/gems/1.8/gems/activerecord-2.3.8/lib/active_record/connection_adapters/mysql_adapter.rb:203:in `initialize'
    /usr/lib/ruby/gems/1.8/gems/activerecord-2.3.8/lib/active_record/connection_adapters/mysql_adapter.rb:75:in `new'
    /usr/lib/ruby/gems/1.8/gems/activerecord-2.3.8/lib/active_record/connection_adapters/mysql_adapter.rb:75:in `mysql_connection'
    /usr/lib/ruby/gems/1.8/gems/activerecord-2.3.8/lib/active_record/connection_adapters/abstract/connection_pool.rb:223:in `send'
    /usr/lib/ruby/gems/1.8/gems/activerecord-2.3.8/lib/active_record/connection_adapters/abstract/connection_pool.rb:223:in `new_connection'
    /usr/lib/ruby/gems/1.8/gems/activerecord-2.3.8/lib/active_record/connection_adapters/abstract/connection_pool.rb:245:in `checkout_new_connection'
    /usr/lib/ruby/gems/1.8/gems/activerecord-2.3.8/lib/active_record/connection_adapters/abstract/connection_pool.rb:188:in `checkout'
    /usr/lib/ruby/gems/1.8/gems/activerecord-2.3.8/lib/active_record/connection_adapters/abstract/connection_pool.rb:184:in `loop'
    /usr/lib/ruby/gems/1.8/gems/activerecord-2.3.8/lib/active_record/connection_adapters/abstract/connection_pool.rb:184:in `checkout'
    /usr/lib/ruby/1.8/monitor.rb:242:in `synchronize'
    /usr/lib/ruby/gems/1.8/gems/activerecord-2.3.8/lib/active_record/connection_adapters/abstract/connection_pool.rb:183:in `checkout'
    /usr/lib/ruby/gems/1.8/gems/activerecord-2.3.8/lib/active_record/connection_adapters/abstract/connection_pool.rb:98:in `connection'
    /usr/lib/ruby/gems/1.8/gems/activerecord-2.3.8/lib/active_record/connection_adapters/abstract/connection_pool.rb:326:in `retrieve_connection'
    /usr/lib/ruby/gems/1.8/gems/activerecord-2.3.8/lib/active_record/connection_adapters/abstract/connection_specification.rb:123:in `retrieve_connection'
    /usr/lib/ruby/gems/1.8/gems/activerecord-2.3.8/lib/active_record/connection_adapters/abstract/connection_specification.rb:115:in `connection'
    /usr/lib/ruby/gems/1.8/gems/activerecord-2.3.8/lib/active_record/query_cache.rb:9:in `cache'
    /usr/lib/ruby/gems/1.8/gems/activerecord-2.3.8/lib/active_record/query_cache.rb:28:in `call'
    /usr/lib/ruby/gems/1.8/gems/activerecord-2.3.8/lib/active_record/connection_adapters/abstract/connection_pool.rb:361:in `call'
    /usr/lib/ruby/gems/1.8/gems/actionpack-2.3.8/lib/action_controller/string_coercion.rb:25:in `call'
    /usr/lib/ruby/gems/1.8/gems/rack-1.1.0/lib/rack/head.rb:9:in `call'
    /usr/lib/ruby/gems/1.8/gems/rack-1.1.0/lib/rack/methodoverride.rb:24:in `call'
    /usr/lib/ruby/gems/1.8/gems/actionpack-2.3.8/lib/action_controller/params_parser.rb:15:in `call'
    /usr/lib/ruby/gems/1.8/gems/actionpack-2.3.8/lib/action_controller/session/cookie_store.rb:99:in `call'
    /usr/lib/ruby/gems/1.8/gems/actionpack-2.3.8/lib/action_controller/failsafe.rb:26:in `call'
    /usr/lib/ruby/gems/1.8/gems/rack-1.1.0/lib/rack/lock.rb:11:in `call'
    /usr/lib/ruby/gems/1.8/gems/rack-1.1.0/lib/rack/lock.rb:11:in `synchronize'
    /usr/lib/ruby/gems/1.8/gems/rack-1.1.0/lib/rack/lock.rb:11:in `call'
    /usr/lib/ruby/gems/1.8/gems/actionpack-2.3.8/lib/action_controller/dispatcher.rb:106:in `call'
    /usr/lib/ruby/gems/1.8/gems/rails-2.3.8/lib/rails/rack/static.rb:31:in `call'
    /usr/lib/ruby/gems/1.8/gems/rack-1.1.0/lib/rack/urlmap.rb:47:in `call'
    /usr/lib/ruby/gems/1.8/gems/rack-1.1.0/lib/rack/urlmap.rb:41:in `each'
    /usr/lib/ruby/gems/1.8/gems/rack-1.1.0/lib/rack/urlmap.rb:41:in `call'
    /usr/lib/ruby/gems/1.8/gems/rails-2.3.8/lib/rails/rack/log_tailer.rb:17:in `call'
    /usr/lib/ruby/gems/1.8/gems/rack-1.1.0/lib/rack/content_length.rb:13:in `call'
    /usr/lib/ruby/gems/1.8/gems/rack-1.1.0/lib/rack/handler/webrick.rb:48:in `service'
    /usr/lib/ruby/1.8/webrick/httpserver.rb:104:in `service'
    /usr/lib/ruby/1.8/webrick/httpserver.rb:65:in `run'
    /usr/lib/ruby/1.8/webrick/server.rb:173:in `start_thread'
    /usr/lib/ruby/1.8/webrick/server.rb:162:in `start'
    /usr/lib/ruby/1.8/webrick/server.rb:162:in `start_thread'
    /usr/lib/ruby/1.8/webrick/server.rb:95:in `start'
    /usr/lib/ruby/1.8/webrick/server.rb:92:in `each'
    /usr/lib/ruby/1.8/webrick/server.rb:92:in `start'
    /usr/lib/ruby/1.8/webrick/server.rb:23:in `start'
    /usr/lib/ruby/1.8/webrick/server.rb:82:in `start'
    /usr/lib/ruby/gems/1.8/gems/rack-1.1.0/lib/rack/handler/webrick.rb:14:in `run'
    /usr/lib/ruby/gems/1.8/gems/rails-2.3.8/lib/commands/server.rb:111
    /usr/local/lib/site_ruby/1.8/rubygems/custom_require.rb:31:in `gem_original_require'
    /usr/local/lib/site_ruby/1.8/rubygems/custom_require.rb:31:in `require'
    ./script/server:3


Processing MoviesController#index (for 127.0.0.1 at 2010-08-20 15:48:24) [GET]
  Parameters: {"action"=>"index", "controller"=>"movies"}
Rendering template within layouts/application
Rendering movies/index
Completed in 274ms (View: 217, DB: 50) | 200 OK [http://localhost/]


Processing MoviesController#show (for 127.0.0.1 at 2010-08-20 15:48:26) [GET]
  Parameters: {"action"=>"show", "date"=>"today", "id"=>"1", "actual"=>true, "controller"=>"movies"}
Rendering template within layouts/application
Rendering movies/show
Completed in 1015ms (View: 837, DB: 164) | 200 OK [http://localhost/movies/1/actual]


Processing MoviesController#show (for 127.0.0.1 at 2010-08-20 15:48:31) [GET]
  Parameters: {"action"=>"show", "date"=>"today", "id"=>"1", "actual"=>true, "controller"=>"movies"}
Rendering template within layouts/application
Rendering movies/show
Completed in 890ms (View: 854, DB: 30) | 200 OK [http://localhost/movies/1/actual]


Processing MoviesController#show (for 127.0.0.1 at 2010-08-20 15:48:33) [GET]
  Parameters: {"action"=>"show", "date"=>"today", "id"=>"1", "actual"=>true, "controller"=>"movies"}
Rendering template within layouts/application
Rendering movies/show
Completed in 973ms (View: 934, DB: 33) | 200 OK [http://localhost/movies/1/actual]


Processing CinemasController#show (for 127.0.0.1 at 2010-08-20 15:48:39) [GET]
  Parameters: {"action"=>"show", "id"=>"12", "controller"=>"cinemas"}
Rendering template within layouts/application
Rendering cinemas/show
Completed in 212ms (View: 189, DB: 15) | 200 OK [http://localhost/cinemas/12]


Processing MoviesController#show (for 127.0.0.1 at 2010-08-20 15:48:41) [GET]
  Parameters: {"action"=>"show", "date"=>"today", "id"=>"10", "controller"=>"movies"}
Rendering template within layouts/application
Rendering movies/show
Completed in 1061ms (View: 1035, DB: 21) | 200 OK [http://localhost/movies/10]


Processing MoviesController#show (for 127.0.0.1 at 2010-08-20 15:48:46) [GET]
  Parameters: {"action"=>"show", "date"=>"today", "id"=>"10", "controller"=>"movies"}
Rendering template within layouts/application
Rendering movies/show
Completed in 924ms (View: 905, DB: 15) | 200 OK [http://localhost/movies/10]


Processing MoviesController#index (for 127.0.0.1 at 2010-08-20 15:51:08) [GET]
  Parameters: {"controller"=>"movies", "action"=>"index"}
Rendering template within layouts/application
Rendering movies/index
Completed in 1472ms (View: 1146, DB: 312) | 200 OK [http://localhost/movies]


Processing MoviesController#index (for 127.0.0.1 at 2010-08-20 15:51:14) [GET]
  Parameters: {"controller"=>"movies", "action"=>"index"}
Rendering template within layouts/application
Rendering movies/index
Completed in 150ms (View: 141, DB: 4) | 200 OK [http://localhost/movies]


Processing MoviesController#index (for 127.0.0.1 at 2010-08-20 15:51:15) [GET]
  Parameters: {"controller"=>"movies", "action"=>"index"}
Rendering template within layouts/application
Rendering movies/index
Completed in 157ms (View: 129, DB: 19) | 200 OK [http://localhost/movies]


Processing MoviesController#index (for 127.0.0.1 at 2010-08-20 15:51:16) [GET]
  Parameters: {"controller"=>"movies", "action"=>"index"}
Rendering template within layouts/application
Rendering movies/index
Completed in 151ms (View: 140, DB: 4) | 200 OK [http://localhost/movies]


Processing MoviesController#index (for 127.0.0.1 at 2010-08-20 15:51:19) [GET]
  Parameters: {"controller"=>"movies", "action"=>"index"}
Rendering template within layouts/application
Rendering movies/index
Completed in 131ms (View: 119, DB: 3) | 200 OK [http://localhost/movies]


Processing MoviesController#index (for 127.0.0.1 at 2010-08-20 15:51:20) [GET]
  Parameters: {"controller"=>"movies", "action"=>"index"}
Rendering template within layouts/application
Rendering movies/index
Completed in 137ms (View: 131, DB: 3) | 200 OK [http://localhost/movies]


Processing MoviesController#index (for 127.0.0.1 at 2010-08-20 15:51:21) [GET]
  Parameters: {"controller"=>"movies", "action"=>"index"}
Rendering template within layouts/application
Rendering movies/index
Completed in 72ms (View: 67, DB: 2) | 200 OK [http://localhost/movies]


Processing CinemasController#index (for 127.0.0.1 at 2010-08-20 15:51:22) [GET]
  Parameters: {"controller"=>"cinemas", "action"=>"index"}
Rendering template within layouts/application
Rendering cinemas/index
Completed in 325ms (View: 279, DB: 12) | 200 OK [http://localhost/cinemas]


Processing MoviesController#index (for 127.0.0.1 at 2010-08-20 15:51:23) [GET]
  Parameters: {"controller"=>"movies", "action"=>"index"}
Rendering template within layouts/application
Rendering movies/index
Completed in 100ms (View: 84, DB: 2) | 200 OK [http://localhost/movies]


Processing CinemasController#index (for 127.0.0.1 at 2010-08-20 15:51:24) [GET]
  Parameters: {"controller"=>"cinemas", "action"=>"index"}
Rendering template within layouts/application
Rendering cinemas/index
Completed in 135ms (View: 121, DB: 3) | 200 OK [http://localhost/cinemas]


Processing MoviesController#index (for 127.0.0.1 at 2010-08-20 15:51:24) [GET]
  Parameters: {"controller"=>"movies", "action"=>"index"}
Rendering template within layouts/application
Rendering movies/index
Completed in 174ms (View: 157, DB: 5) | 200 OK [http://localhost/movies]


Processing CinemasController#index (for 127.0.0.1 at 2010-08-20 15:51:25) [GET]
  Parameters: {"controller"=>"cinemas", "action"=>"index"}
Rendering template within layouts/application
Rendering cinemas/index
Completed in 148ms (View: 138, DB: 2) | 200 OK [http://localhost/cinemas]


Processing MoviesController#index (for 127.0.0.1 at 2010-08-20 15:51:26) [GET]
  Parameters: {"controller"=>"movies", "action"=>"index"}
Rendering template within layouts/application
Rendering movies/index
Completed in 95ms (View: 89, DB: 2) | 200 OK [http://localhost/movies]


Processing MoviesController#show (for 127.0.0.1 at 2010-08-20 15:51:27) [GET]
  Parameters: {"controller"=>"movies", "action"=>"show", "actual"=>true, "date"=>"today", "id"=>"3"}
Rendering template within layouts/application
Rendering movies/show
Completed in 1309ms (View: 1150, DB: 88) | 200 OK [http://localhost/movies/3/actual]


Processing MoviesController#show (for 127.0.0.1 at 2010-08-20 15:51:31) [GET]
  Parameters: {"controller"=>"movies", "action"=>"show", "actual"=>true, "date"=>"today", "id"=>"3"}
Rendering template within layouts/application
Rendering movies/show
Completed in 411ms (View: 361, DB: 32) | 200 OK [http://localhost/movies/3/actual]


Processing MoviesController#show (for 127.0.0.1 at 2010-08-20 15:51:32) [GET]
  Parameters: {"controller"=>"movies", "action"=>"show", "actual"=>true, "date"=>"today", "id"=>"3"}
Rendering template within layouts/application
Rendering movies/show
Completed in 434ms (View: 355, DB: 67) | 200 OK [http://localhost/movies/3/actual]


Processing MoviesController#show (for 127.0.0.1 at 2010-08-20 15:51:33) [GET]
  Parameters: {"controller"=>"movies", "action"=>"show", "actual"=>true, "date"=>"today", "id"=>"3"}
Rendering template within layouts/application
Rendering movies/show
Completed in 371ms (View: 296, DB: 41) | 200 OK [http://localhost/movies/3/actual]


Processing MoviesController#show (for 127.0.0.1 at 2010-08-20 15:51:36) [GET]
  Parameters: {"controller"=>"movies", "action"=>"show", "actual"=>true, "date"=>"today", "id"=>"3"}
Rendering template within layouts/application
Rendering movies/show
Completed in 366ms (View: 323, DB: 29) | 200 OK [http://localhost/movies/3/actual]


Processing MoviesController#show (for 127.0.0.1 at 2010-08-20 15:51:36) [GET]
  Parameters: {"controller"=>"movies", "action"=>"show", "actual"=>true, "date"=>"today", "id"=>"3"}
Rendering template within layouts/application
Rendering movies/show
Completed in 332ms (View: 278, DB: 32) | 200 OK [http://localhost/movies/3/actual]


Processing MoviesController#show (for 127.0.0.1 at 2010-08-20 15:51:37) [GET]
  Parameters: {"controller"=>"movies", "action"=>"show", "actual"=>true, "date"=>"today", "id"=>"3"}
Rendering template within layouts/application
Rendering movies/show
Completed in 322ms (View: 271, DB: 35) | 200 OK [http://localhost/movies/3/actual]


Processing MoviesController#show (for 127.0.0.1 at 2010-08-20 15:51:42) [GET]
  Parameters: {"controller"=>"movies", "action"=>"show", "actual"=>true, "date"=>"today", "id"=>"3"}
Rendering template within layouts/application
Rendering movies/show
Completed in 352ms (View: 296, DB: 40) | 200 OK [http://localhost/movies/3/actual]


Processing MoviesController#show (for 127.0.0.1 at 2010-08-20 15:51:43) [GET]
  Parameters: {"controller"=>"movies", "action"=>"show", "actual"=>true, "date"=>"today", "id"=>"3"}
Rendering template within layouts/application
Rendering movies/show
Completed in 348ms (View: 282, DB: 53) | 200 OK [http://localhost/movies/3/actual]


Processing MoviesController#show (for 127.0.0.1 at 2010-08-20 15:51:44) [GET]
  Parameters: {"controller"=>"movies", "action"=>"show", "actual"=>true, "date"=>"today", "id"=>"3"}
Rendering template within layouts/application
Rendering movies/show
Completed in 349ms (View: 282, DB: 51) | 200 OK [http://localhost/movies/3/actual]


Processing MoviesController#index (for 127.0.0.1 at 2010-08-20 15:51:50) [GET]
  Parameters: {"controller"=>"movies", "action"=>"index"}
Rendering template within layouts/application
Rendering movies/index
Completed in 68ms (View: 62, DB: 1) | 200 OK [http://localhost/movies]


Processing MoviesController#show (for 127.0.0.1 at 2010-08-20 15:51:51) [GET]
  Parameters: {"controller"=>"movies", "action"=>"show", "actual"=>true, "date"=>"today", "id"=>"1"}
Rendering template within layouts/application
Rendering movies/show
Completed in 1388ms (View: 1192, DB: 171) | 200 OK [http://localhost/movies/1/actual]


Processing MoviesController#show (for 127.0.0.1 at 2010-08-20 15:51:55) [GET]
  Parameters: {"controller"=>"movies", "action"=>"show", "actual"=>true, "date"=>"today", "id"=>"1"}
Rendering template within layouts/application
Rendering movies/show
Completed in 1267ms (View: 1146, DB: 108) | 200 OK [http://localhost/movies/1/actual]


Processing MoviesController#show (for 127.0.0.1 at 2010-08-20 15:51:58) [GET]
  Parameters: {"controller"=>"movies", "action"=>"show", "actual"=>true, "date"=>"today", "id"=>"1"}
Rendering template within layouts/application
Rendering movies/show
Completed in 1001ms (View: 898, DB: 69) | 200 OK [http://localhost/movies/1/actual]


Processing MoviesController#show (for 127.0.0.1 at 2010-08-20 15:52:00) [GET]
  Parameters: {"controller"=>"movies", "action"=>"show", "actual"=>true, "date"=>"today", "id"=>"1"}
Rendering template within layouts/application
Rendering movies/show
Completed in 863ms (View: 762, DB: 94) | 200 OK [http://localhost/movies/1/actual]


Processing MoviesController#show (for 127.0.0.1 at 2010-08-20 15:52:07) [GET]
  Parameters: {"controller"=>"movies", "action"=>"show", "actual"=>true, "date"=>"today", "id"=>"1"}
Rendering template within layouts/application
Rendering movies/show
Completed in 860ms (View: 776, DB: 73) | 200 OK [http://localhost/movies/1/actual]


Processing CinemasController#show (for 127.0.0.1 at 2010-08-20 15:52:22) [GET]
  Parameters: {"controller"=>"cinemas", "action"=>"show", "id"=>"77"}
Rendering template within layouts/application
Rendering cinemas/show
Completed in 364ms (View: 331, DB: 26) | 200 OK [http://localhost/cinemas/77]


Processing MoviesController#show (for 127.0.0.1 at 2010-08-20 15:52:27) [GET]
  Parameters: {"controller"=>"movies", "action"=>"show", "id"=>"13", "date"=>"today"}
Rendering template within layouts/application
Rendering movies/show
Completed in 393ms (View: 358, DB: 30) | 200 OK [http://localhost/movies/13]


Processing MoviesController#index (for 127.0.0.1 at 2010-08-20 15:52:36) [GET]
  Parameters: {"controller"=>"movies", "action"=>"index"}
Rendering template within layouts/application
Rendering movies/index
Completed in 74ms (View: 71, DB: 1) | 200 OK [http://localhost/movies]


Processing MoviesController#show (for 127.0.0.1 at 2010-08-20 15:52:37) [GET]
  Parameters: {"controller"=>"movies", "action"=>"show", "actual"=>true, "date"=>"today", "id"=>"11"}
Rendering template within layouts/application
Rendering movies/show
Completed in 207ms (View: 153, DB: 28) | 200 OK [http://localhost/movies/11/actual]


Processing MoviesController#show (for 127.0.0.1 at 2010-08-20 15:52:39) [POST]
  Parameters: {"authenticity_token"=>"DPRjmEkt7/6zdQDhoWBGJn71qb4OB8kNBfu3RBo6kgg=", "from"=>"15:52", "to"=>"23:59", "favourite_cinemas"=>"1", "controller"=>"movies", "action"=>"show", "actual"=>true, "date"=>"today", "id"=>"11"}
Rendering template within layouts/application
Rendering movies/show
Completed in 126ms (View: 77, DB: 26) | 200 OK [http://localhost/movies/11/actual]


Processing MoviesController#show (for 127.0.0.1 at 2010-08-20 15:52:44) [POST]
  Parameters: {"authenticity_token"=>"DPRjmEkt7/6zdQDhoWBGJn71qb4OB8kNBfu3RBo6kgg=", "from"=>"15:52", "to"=>"23:59", "controller"=>"movies", "action"=>"show", "actual"=>true, "date"=>"today", "id"=>"11"}
Rendering template within layouts/application
Rendering movies/show
Completed in 154ms (View: 104, DB: 30) | 200 OK [http://localhost/movies/11/actual]


Processing MoviesController#show (for 127.0.0.1 at 2010-08-20 15:52:46) [POST]
  Parameters: {"authenticity_token"=>"DPRjmEkt7/6zdQDhoWBGJn71qb4OB8kNBfu3RBo6kgg=", "from"=>"15:52", "to"=>"23:59", "controller"=>"movies", "action"=>"show", "actual"=>true, "date"=>"today", "id"=>"11"}
Rendering template within layouts/application
Rendering movies/show
Completed in 114ms (View: 74, DB: 27) | 200 OK [http://localhost/movies/11/actual]


Processing MoviesController#show (for 127.0.0.1 at 2010-08-20 15:52:46) [POST]
  Parameters: {"authenticity_token"=>"DPRjmEkt7/6zdQDhoWBGJn71qb4OB8kNBfu3RBo6kgg=", "from"=>"15:52", "to"=>"23:59", "controller"=>"movies", "action"=>"show", "actual"=>true, "date"=>"today", "id"=>"11"}
Rendering template within layouts/application
Rendering movies/show
Completed in 55ms (View: 44, DB: 4) | 200 OK [http://localhost/movies/11/actual]


Processing MoviesController#show (for 127.0.0.1 at 2010-08-20 15:52:47) [POST]
  Parameters: {"authenticity_token"=>"DPRjmEkt7/6zdQDhoWBGJn71qb4OB8kNBfu3RBo6kgg=", "from"=>"15:52", "to"=>"23:59", "favourite_cinemas"=>"1", "controller"=>"movies", "action"=>"show", "actual"=>true, "date"=>"today", "id"=>"11"}
Rendering template within layouts/application
Rendering movies/show
Completed in 127ms (View: 79, DB: 27) | 200 OK [http://localhost/movies/11/actual]


Processing MoviesController#show (for 127.0.0.1 at 2010-08-20 15:52:49) [POST]
  Parameters: {"authenticity_token"=>"DPRjmEkt7/6zdQDhoWBGJn71qb4OB8kNBfu3RBo6kgg=", "from"=>"15:52", "to"=>"23:59", "controller"=>"movies", "action"=>"show", "actual"=>true, "date"=>"today", "id"=>"11"}
Rendering template within layouts/application
Rendering movies/show
Completed in 121ms (View: 81, DB: 27) | 200 OK [http://localhost/movies/11/actual]


Processing MoviesController#show (for 127.0.0.1 at 2010-08-20 15:52:50) [POST]
  Parameters: {"authenticity_token"=>"DPRjmEkt7/6zdQDhoWBGJn71qb4OB8kNBfu3RBo6kgg=", "from"=>"15:52", "to"=>"23:59", "favourite_cinemas"=>"1", "controller"=>"movies", "action"=>"show", "actual"=>true, "date"=>"today", "id"=>"11"}
Rendering template within layouts/application
Rendering movies/show
Completed in 113ms (View: 75, DB: 25) | 200 OK [http://localhost/movies/11/actual]


Processing MoviesController#show (for 127.0.0.1 at 2010-08-20 15:52:51) [POST]
  Parameters: {"authenticity_token"=>"DPRjmEkt7/6zdQDhoWBGJn71qb4OB8kNBfu3RBo6kgg=", "from"=>"15:52", "to"=>"23:59", "controller"=>"movies", "action"=>"show", "actual"=>true, "date"=>"today", "id"=>"11"}
Rendering template within layouts/application
Rendering movies/show
Completed in 184ms (View: 152, DB: 20) | 200 OK [http://localhost/movies/11/actual]


Processing MoviesController#show (for 127.0.0.1 at 2010-08-20 15:52:54) [POST]
  Parameters: {"authenticity_token"=>"DPRjmEkt7/6zdQDhoWBGJn71qb4OB8kNBfu3RBo6kgg=", "from"=>"15:52", "to"=>"23:59", "favourite_cinemas"=>"1", "controller"=>"movies", "action"=>"show", "actual"=>true, "date"=>"today", "id"=>"11"}
Rendering template within layouts/application
Rendering movies/show
Completed in 112ms (View: 69, DB: 25) | 200 OK [http://localhost/movies/11/actual]


Processing MoviesController#show (for 127.0.0.1 at 2010-08-20 15:52:55) [POST]
  Parameters: {"authenticity_token"=>"DPRjmEkt7/6zdQDhoWBGJn71qb4OB8kNBfu3RBo6kgg=", "from"=>"15:52", "to"=>"23:59", "controller"=>"movies", "action"=>"show", "actual"=>true, "date"=>"today", "id"=>"11"}
Rendering template within layouts/application
Rendering movies/show
Completed in 111ms (View: 76, DB: 22) | 200 OK [http://localhost/movies/11/actual]


Processing SessionsController#new (for 127.0.0.1 at 2010-08-20 15:52:58) [GET]
  Parameters: {"controller"=>"sessions", "action"=>"new"}
Rendering template within layouts/application
Rendering sessions/new
Completed in 19ms (View: 14, DB: 0) | 200 OK [http://localhost/login]


Processing SessionsController#create (for 127.0.0.1 at 2010-08-20 15:52:59) [POST]
  Parameters: {"authenticity_token"=>"DPRjmEkt7/6zdQDhoWBGJn71qb4OB8kNBfu3RBo6kgg=", "login"=>"mirosm@mirosm.ru", "password"=>"[FILTERED]", "commit"=>"Log in", "controller"=>"sessions", "action"=>"create"}
Redirected to http://localhost:3000/
Completed in 67ms (DB: 2) | 302 Found [http://localhost/sessions]


Processing MoviesController#index (for 127.0.0.1 at 2010-08-20 15:52:59) [GET]
  Parameters: {"controller"=>"movies", "action"=>"index"}
Rendering template within layouts/application
Rendering movies/index
Completed in 77ms (View: 68, DB: 2) | 200 OK [http://localhost/]


Processing MoviesController#show (for 127.0.0.1 at 2010-08-20 15:53:01) [GET]
  Parameters: {"controller"=>"movies", "action"=>"show", "actual"=>true, "date"=>"today", "id"=>"1"}
Rendering template within layouts/application
Rendering movies/show
Completed in 950ms (View: 858, DB: 82) | 200 OK [http://localhost/movies/1/actual]


Processing MoviesController#show (for 127.0.0.1 at 2010-08-20 15:53:03) [POST]
  Parameters: {"authenticity_token"=>"DPRjmEkt7/6zdQDhoWBGJn71qb4OB8kNBfu3RBo6kgg=", "from"=>"15:53", "to"=>"23:59", "favourite_cinemas"=>"1", "controller"=>"movies", "action"=>"show", "actual"=>true, "date"=>"today", "id"=>"1"}
Rendering template within layouts/application
Rendering movies/show
Completed in 67ms (View: 33, DB: 19) | 200 OK [http://localhost/movies/1/actual]


Processing FavouriteCinemasController#index (for 127.0.0.1 at 2010-08-20 15:53:05) [GET]
  Parameters: {"controller"=>"favourite_cinemas", "action"=>"index"}
Rendering template within layouts/application
Rendering favourite_cinemas/index
Completed in 232ms (View: 46, DB: 175) | 200 OK [http://localhost/favourite_cinemas]


Processing MoviesController#index (for 127.0.0.1 at 2010-08-20 15:53:08) [GET]
  Parameters: {"controller"=>"movies", "action"=>"index"}
Rendering template within layouts/application
Rendering movies/index
Completed in 126ms (View: 94, DB: 0) | 200 OK [http://localhost/movies]
